{'`[_`]_`[_`]`[_`]['B['idA.Id,'idw1.Id,''noPage.Qid,'_?_[''Welcome.Qid,'query-empty.Query],
    'session-empty.Session,'_:_['_/_[''idEmail.Qid,'"email2".String],'_/_[''pass.Qid,'"secretAlice".String],
    '_/_[''user.Qid,'"alice".String]],'mes-empty.Message,'history-empty.History,'s_['0.Zero]],
    'bra-empty.BrowserActions,'mes-empty.Message,'S['_:_['`(_`,_`,`{_`}`,`{_`}`)[''Admin-Logout.Qid,'updateDB[
    's`(_`)['"adminPage".String],'s`(_`)['"free".String]],'`(_=>_`)['TRUE.Condition,''Home.Qid],
    'nav-empty.Navigation],'`(_`,_`,`{_`}`,`{_`}`)[''Administration.Qid,'_;_['_:=_[''adminPage.Qid,'selectDB[
    's`(_`)['"adminPage".String]]],'if_then_else_fi['_=_[''adminPage.Qid,'s`(_`)['"free".String]],'_;_[
    'updateDB['s`(_`)['"adminPage".String],'getSession['s`(_`)['"user".String]]],'setSession['s`(_`)[
    '"adminPage".String],'s`(_`)['"free".String]]],'setSession['s`(_`)['"adminPage".String],'s`(_`)[
    '"busy".String]]]],'`(_=>_`)['_'==_['s`(_`)['"adminPage".String],'s`(_`)['"busy".String]],''Home.Qid],
    '`(_->_`)['TRUE.Condition,'_?_[''Admin-Logout.Qid,'query-empty.Query]]],'`(_`,_`,`{_`}`,`{_`}`)[
    ''Change-account.Qid,'skip.Script,'cont-empty.Continuation,'`(_->_`)['TRUE.Condition,'_?_[''Home.Qid,'_:_[
    '_'=_[''newPass.Qid,'"".String],'_'=_[''newUser.Qid,'"".String]]]]],'`(_`,_`,`{_`}`,`{_`}`)[
    ''Email-list.Qid,'_;_['_:=_[''u.Qid,'getSession['s`(_`)['"user".String]]],'_:=_[''es.Qid,'selectDB['_'._[
    ''u.Qid,'s`(_`)['"-email".String]]]],'setSession['s`(_`)['"idEmails-found".String],''es.Qid]],
    'cont-empty.Continuation,'_:_['`(_->_`)['TRUE.Condition,'_?_[''Home.Qid,'query-empty.Query]],'`(_->_`)[
    'TRUE.Condition,'_?_[''View-email.Qid,'_'=_[''idEmail.Qid,'"".String]]]]],'`(_`,_`,`{_`}`,`{_`}`)[
    ''Home.Qid,'_;_['_:=_[''login.Qid,'getSession['s`(_`)['"login".String]]],'if_then_fi['_=_[''login.Qid,
    'null.Value],'_;_['_:=_[''u.Qid,'getQuery[''user.Qid]],'_:=_[''p.Qid,'getQuery[''pass.Qid]],'_:=_[''p1.Qid,
    'selectDB[''u.Qid]],'if_then_else_fi['_=_[''p.Qid,''p1.Qid],'_;_['_:=_[''r.Qid,'selectDB['_'._[''u.Qid,
    's`(_`)['"-role".String]]]],'setSession['s`(_`)['"user".String],''u.Qid],'setSession['s`(_`)[
    '"role".String],''r.Qid],'setSession['s`(_`)['"login".String],'s`(_`)['"ok".String]]],'setSession['s`(_`)[
    '"login".String],'s`(_`)['"no".String]]]]]],'_:_['`(_=>_`)['_'==_['s`(_`)['"changeLogin".String],'s`(_`)[
    '"no".String]],''Change-account.Qid],'`(_=>_`)['_'==_['s`(_`)['"login".String],'s`(_`)['"no".String]],
    ''Welcome.Qid],'`(_=>_`)['_'==_['s`(_`)['"login".String],'s`(_`)['"ok".String]],''Home.Qid]],'_:_['`(_->_`)[
    'TRUE.Condition,'_?_[''Change-account.Qid,'query-empty.Query]],'`(_->_`)['TRUE.Condition,'_?_[
    ''Email-list.Qid,'query-empty.Query]],'`(_->_`)['TRUE.Condition,'_?_[''Logout.Qid,'query-empty.Query]],
    '`(_->_`)['_'==_['s`(_`)['"role".String],'s`(_`)['"admin".String]],'_?_[''Administration.Qid,
    'query-empty.Query]]]],'`(_`,_`,`{_`}`,`{_`}`)[''Logout.Qid,'clearSession.Script,'`(_=>_`)['TRUE.Condition,
    ''Welcome.Qid],'nav-empty.Navigation],'`(_`,_`,`{_`}`,`{_`}`)[''View-email.Qid,'_;_['_:=_[''u.Qid,
    'getSession['s`(_`)['"user".String]]],'_:=_[''id.Qid,'getQuery[''idEmail.Qid]],'_:=_[''e.Qid,'selectDB[
    ''id.Qid]],'setSession['s`(_`)['"text-email".String],''e.Qid]],'cont-empty.Continuation,'_:_['`(_->_`)[
    'TRUE.Condition,'_?_[''Email-list.Qid,'query-empty.Query]],'`(_->_`)['TRUE.Condition,'_?_[''Home.Qid,
    'query-empty.Query]]]],'`(_`,_`,`{_`}`,`{_`}`)[''Welcome.Qid,'skip.Script,'cont-empty.Continuation,
    '`(_->_`)['TRUE.Condition,'_?_[''Home.Qid,'_:_['_'=_[''pass.Qid,'"".String],'_'=_[''user.Qid,
    '"".String]]]]]],'us`(_`,_`)['idA.Id,'session-empty.Session],'mes-empty.Message,
    'readymes-empty.ReadyMessage,'__['`(_;_`)['s`(_`)['"adminPage".String],'s`(_`)['"free".String]],'`(_;_`)[
    's`(_`)['"alice".String],'s`(_`)['"secretAlice".String]],'`(_;_`)['s`(_`)['"alice-email".String],'s`(_`)[
    '"email1".String]],'`(_;_`)['s`(_`)['"alice-role".String],'s`(_`)['"admin".String]],'`(_;_`)['s`(_`)[
    '"bob".String],'s`(_`)['"secretBob".String]],'`(_;_`)['s`(_`)['"bob-email".String],'s`(_`)[
    '"email2".String]],'`(_;_`)['s`(_`)['"bob-role".String],'s`(_`)['"admin".String]],'`(_;_`)['s`(_`)[
    '"email1".String],'s`(_`)['"text-email-one".String]],'`(_;_`)['s`(_`)['"email2".String],'s`(_`)[
    '"text-email-two".String]]]]],'WebState,rl '`[_`]_`[_`]`[_`]['_:_['brs:Browser,'B['id:Id,'idw:Id,'np:Qid,
    '_:_['urls:URL,'_?_['np1:Qid,'q1:Query]],'ss:Session,'z:Sigma,'lms:Message,'h:History,'idlm:Nat]],
    'ba:BrowserActions,'ms:Message,'sv:Server] => '`[_`]_`[_`]`[_`]['_:_['brs:Browser,'B['id:Id,'idw:Id,
    ''PageNameEmpty.Qid,'url-empty.URL,'ss:Session,'z:Sigma,'m['id:Id,'idw:Id,'_?_['np1:Qid,'sigma['z:Sigma,
    'q1:Query]],'idlm:Nat],'h:History,'idlm:Nat]],'ba:BrowserActions,'_:_['ms:Message,'m['id:Id,'idw:Id,'_?_[
    'np1:Qid,'sigma['z:Sigma,'q1:Query]],'idlm:Nat]],'sv:Server] [label('ReqIni)] .}
{'`[_`]_`[_`]`[_`]['B['idA.Id,'idw1.Id,''PageNameEmpty.Qid,'url-empty.URL,'session-empty.Session,'_:_['_/_[
    ''idEmail.Qid,'"email2".String],'_/_[''pass.Qid,'"secretAlice".String],'_/_[''user.Qid,'"alice".String]],'m[
    'idA.Id,'idw1.Id,'_?_[''Welcome.Qid,'query-empty.Query],'s_['0.Zero]],'history-empty.History,'s_['0.Zero]],
    'bra-empty.BrowserActions,'m['idA.Id,'idw1.Id,'_?_[''Welcome.Qid,'query-empty.Query],'s_['0.Zero]],'S['_:_[
    '`(_`,_`,`{_`}`,`{_`}`)[''Admin-Logout.Qid,'updateDB['s`(_`)['"adminPage".String],'s`(_`)['"free".String]],
    '`(_=>_`)['TRUE.Condition,''Home.Qid],'nav-empty.Navigation],'`(_`,_`,`{_`}`,`{_`}`)[''Administration.Qid,
    '_;_['_:=_[''adminPage.Qid,'selectDB['s`(_`)['"adminPage".String]]],'if_then_else_fi['_=_[''adminPage.Qid,
    's`(_`)['"free".String]],'_;_['updateDB['s`(_`)['"adminPage".String],'getSession['s`(_`)['"user".String]]],
    'setSession['s`(_`)['"adminPage".String],'s`(_`)['"free".String]]],'setSession['s`(_`)['"adminPage".String],
    's`(_`)['"busy".String]]]],'`(_=>_`)['_'==_['s`(_`)['"adminPage".String],'s`(_`)['"busy".String]],
    ''Home.Qid],'`(_->_`)['TRUE.Condition,'_?_[''Admin-Logout.Qid,'query-empty.Query]]],'`(_`,_`,`{_`}`,`{_`}`)[
    ''Change-account.Qid,'skip.Script,'cont-empty.Continuation,'`(_->_`)['TRUE.Condition,'_?_[''Home.Qid,'_:_[
    '_'=_[''newPass.Qid,'"".String],'_'=_[''newUser.Qid,'"".String]]]]],'`(_`,_`,`{_`}`,`{_`}`)[
    ''Email-list.Qid,'_;_['_:=_[''u.Qid,'getSession['s`(_`)['"user".String]]],'_:=_[''es.Qid,'selectDB['_'._[
    ''u.Qid,'s`(_`)['"-email".String]]]],'setSession['s`(_`)['"idEmails-found".String],''es.Qid]],
    'cont-empty.Continuation,'_:_['`(_->_`)['TRUE.Condition,'_?_[''Home.Qid,'query-empty.Query]],'`(_->_`)[
    'TRUE.Condition,'_?_[''View-email.Qid,'_'=_[''idEmail.Qid,'"".String]]]]],'`(_`,_`,`{_`}`,`{_`}`)[
    ''Home.Qid,'_;_['_:=_[''login.Qid,'getSession['s`(_`)['"login".String]]],'if_then_fi['_=_[''login.Qid,
    'null.Value],'_;_['_:=_[''u.Qid,'getQuery[''user.Qid]],'_:=_[''p.Qid,'getQuery[''pass.Qid]],'_:=_[''p1.Qid,
    'selectDB[''u.Qid]],'if_then_else_fi['_=_[''p.Qid,''p1.Qid],'_;_['_:=_[''r.Qid,'selectDB['_'._[''u.Qid,
    's`(_`)['"-role".String]]]],'setSession['s`(_`)['"user".String],''u.Qid],'setSession['s`(_`)[
    '"role".String],''r.Qid],'setSession['s`(_`)['"login".String],'s`(_`)['"ok".String]]],'setSession['s`(_`)[
    '"login".String],'s`(_`)['"no".String]]]]]],'_:_['`(_=>_`)['_'==_['s`(_`)['"changeLogin".String],'s`(_`)[
    '"no".String]],''Change-account.Qid],'`(_=>_`)['_'==_['s`(_`)['"login".String],'s`(_`)['"no".String]],
    ''Welcome.Qid],'`(_=>_`)['_'==_['s`(_`)['"login".String],'s`(_`)['"ok".String]],''Home.Qid]],'_:_['`(_->_`)[
    'TRUE.Condition,'_?_[''Change-account.Qid,'query-empty.Query]],'`(_->_`)['TRUE.Condition,'_?_[
    ''Email-list.Qid,'query-empty.Query]],'`(_->_`)['TRUE.Condition,'_?_[''Logout.Qid,'query-empty.Query]],
    '`(_->_`)['_'==_['s`(_`)['"role".String],'s`(_`)['"admin".String]],'_?_[''Administration.Qid,
    'query-empty.Query]]]],'`(_`,_`,`{_`}`,`{_`}`)[''Logout.Qid,'clearSession.Script,'`(_=>_`)['TRUE.Condition,
    ''Welcome.Qid],'nav-empty.Navigation],'`(_`,_`,`{_`}`,`{_`}`)[''View-email.Qid,'_;_['_:=_[''u.Qid,
    'getSession['s`(_`)['"user".String]]],'_:=_[''id.Qid,'getQuery[''idEmail.Qid]],'_:=_[''e.Qid,'selectDB[
    ''id.Qid]],'setSession['s`(_`)['"text-email".String],''e.Qid]],'cont-empty.Continuation,'_:_['`(_->_`)[
    'TRUE.Condition,'_?_[''Email-list.Qid,'query-empty.Query]],'`(_->_`)['TRUE.Condition,'_?_[''Home.Qid,
    'query-empty.Query]]]],'`(_`,_`,`{_`}`,`{_`}`)[''Welcome.Qid,'skip.Script,'cont-empty.Continuation,
    '`(_->_`)['TRUE.Condition,'_?_[''Home.Qid,'_:_['_'=_[''pass.Qid,'"".String],'_'=_[''user.Qid,
    '"".String]]]]]],'us`(_`,_`)['idA.Id,'session-empty.Session],'mes-empty.Message,
    'readymes-empty.ReadyMessage,'__['`(_;_`)['s`(_`)['"adminPage".String],'s`(_`)['"free".String]],'`(_;_`)[
    's`(_`)['"alice".String],'s`(_`)['"secretAlice".String]],'`(_;_`)['s`(_`)['"alice-email".String],'s`(_`)[
    '"email1".String]],'`(_;_`)['s`(_`)['"alice-role".String],'s`(_`)['"admin".String]],'`(_;_`)['s`(_`)[
    '"bob".String],'s`(_`)['"secretBob".String]],'`(_;_`)['s`(_`)['"bob-email".String],'s`(_`)[
    '"email2".String]],'`(_;_`)['s`(_`)['"bob-role".String],'s`(_`)['"admin".String]],'`(_;_`)['s`(_`)[
    '"email1".String],'s`(_`)['"text-email-one".String]],'`(_;_`)['s`(_`)['"email2".String],'s`(_`)[
    '"text-email-two".String]]]]],'WebState,rl '`[_`]_`[_`]`[_`]['brs:Browser,'ba:BrowserActions,'_:_['m['id:Id,
    'idw:Id,'urls:URL,'idlm:Nat],'ms:Message],'S['wapp:Page,'uss:UserSession,'pms:Message,'rms:ReadyMessage,
    'db:DB]] => '`[_`]_`[_`]`[_`]['brs:Browser,'ba:BrowserActions,'ms:Message,'S['wapp:Page,'uss:UserSession,
    '_:_['pms:Message,'m['id:Id,'idw:Id,'urls:URL,'idlm:Nat]],'rms:ReadyMessage,'db:DB]] [label('ReqFin)] .}
{'`[_`]_`[_`]`[_`]['B['idA.Id,'idw1.Id,''PageNameEmpty.Qid,'url-empty.URL,'session-empty.Session,'_:_['_/_[
    ''idEmail.Qid,'"email2".String],'_/_[''pass.Qid,'"secretAlice".String],'_/_[''user.Qid,'"alice".String]],'m[
    'idA.Id,'idw1.Id,'_?_[''Welcome.Qid,'query-empty.Query],'s_['0.Zero]],'history-empty.History,'s_['0.Zero]],
    'bra-empty.BrowserActions,'mes-empty.Message,'S['_:_['`(_`,_`,`{_`}`,`{_`}`)[''Admin-Logout.Qid,'updateDB[
    's`(_`)['"adminPage".String],'s`(_`)['"free".String]],'`(_=>_`)['TRUE.Condition,''Home.Qid],
    'nav-empty.Navigation],'`(_`,_`,`{_`}`,`{_`}`)[''Administration.Qid,'_;_['_:=_[''adminPage.Qid,'selectDB[
    's`(_`)['"adminPage".String]]],'if_then_else_fi['_=_[''adminPage.Qid,'s`(_`)['"free".String]],'_;_[
    'updateDB['s`(_`)['"adminPage".String],'getSession['s`(_`)['"user".String]]],'setSession['s`(_`)[
    '"adminPage".String],'s`(_`)['"free".String]]],'setSession['s`(_`)['"adminPage".String],'s`(_`)[
    '"busy".String]]]],'`(_=>_`)['_'==_['s`(_`)['"adminPage".String],'s`(_`)['"busy".String]],''Home.Qid],
    '`(_->_`)['TRUE.Condition,'_?_[''Admin-Logout.Qid,'query-empty.Query]]],'`(_`,_`,`{_`}`,`{_`}`)[
    ''Change-account.Qid,'skip.Script,'cont-empty.Continuation,'`(_->_`)['TRUE.Condition,'_?_[''Home.Qid,'_:_[
    '_'=_[''newPass.Qid,'"".String],'_'=_[''newUser.Qid,'"".String]]]]],'`(_`,_`,`{_`}`,`{_`}`)[
    ''Email-list.Qid,'_;_['_:=_[''u.Qid,'getSession['s`(_`)['"user".String]]],'_:=_[''es.Qid,'selectDB['_'._[
    ''u.Qid,'s`(_`)['"-email".String]]]],'setSession['s`(_`)['"idEmails-found".String],''es.Qid]],
    'cont-empty.Continuation,'_:_['`(_->_`)['TRUE.Condition,'_?_[''Home.Qid,'query-empty.Query]],'`(_->_`)[
    'TRUE.Condition,'_?_[''View-email.Qid,'_'=_[''idEmail.Qid,'"".String]]]]],'`(_`,_`,`{_`}`,`{_`}`)[
    ''Home.Qid,'_;_['_:=_[''login.Qid,'getSession['s`(_`)['"login".String]]],'if_then_fi['_=_[''login.Qid,
    'null.Value],'_;_['_:=_[''u.Qid,'getQuery[''user.Qid]],'_:=_[''p.Qid,'getQuery[''pass.Qid]],'_:=_[''p1.Qid,
    'selectDB[''u.Qid]],'if_then_else_fi['_=_[''p.Qid,''p1.Qid],'_;_['_:=_[''r.Qid,'selectDB['_'._[''u.Qid,
    's`(_`)['"-role".String]]]],'setSession['s`(_`)['"user".String],''u.Qid],'setSession['s`(_`)[
    '"role".String],''r.Qid],'setSession['s`(_`)['"login".String],'s`(_`)['"ok".String]]],'setSession['s`(_`)[
    '"login".String],'s`(_`)['"no".String]]]]]],'_:_['`(_=>_`)['_'==_['s`(_`)['"changeLogin".String],'s`(_`)[
    '"no".String]],''Change-account.Qid],'`(_=>_`)['_'==_['s`(_`)['"login".String],'s`(_`)['"no".String]],
    ''Welcome.Qid],'`(_=>_`)['_'==_['s`(_`)['"login".String],'s`(_`)['"ok".String]],''Home.Qid]],'_:_['`(_->_`)[
    'TRUE.Condition,'_?_[''Change-account.Qid,'query-empty.Query]],'`(_->_`)['TRUE.Condition,'_?_[
    ''Email-list.Qid,'query-empty.Query]],'`(_->_`)['TRUE.Condition,'_?_[''Logout.Qid,'query-empty.Query]],
    '`(_->_`)['_'==_['s`(_`)['"role".String],'s`(_`)['"admin".String]],'_?_[''Administration.Qid,
    'query-empty.Query]]]],'`(_`,_`,`{_`}`,`{_`}`)[''Logout.Qid,'clearSession.Script,'`(_=>_`)['TRUE.Condition,
    ''Welcome.Qid],'nav-empty.Navigation],'`(_`,_`,`{_`}`,`{_`}`)[''View-email.Qid,'_;_['_:=_[''u.Qid,
    'getSession['s`(_`)['"user".String]]],'_:=_[''id.Qid,'getQuery[''idEmail.Qid]],'_:=_[''e.Qid,'selectDB[
    ''id.Qid]],'setSession['s`(_`)['"text-email".String],''e.Qid]],'cont-empty.Continuation,'_:_['`(_->_`)[
    'TRUE.Condition,'_?_[''Email-list.Qid,'query-empty.Query]],'`(_->_`)['TRUE.Condition,'_?_[''Home.Qid,
    'query-empty.Query]]]],'`(_`,_`,`{_`}`,`{_`}`)[''Welcome.Qid,'skip.Script,'cont-empty.Continuation,
    '`(_->_`)['TRUE.Condition,'_?_[''Home.Qid,'_:_['_'=_[''pass.Qid,'"".String],'_'=_[''user.Qid,
    '"".String]]]]]],'us`(_`,_`)['idA.Id,'session-empty.Session],'m['idA.Id,'idw1.Id,'_?_[''Welcome.Qid,
    'query-empty.Query],'s_['0.Zero]],'readymes-empty.ReadyMessage,'__['`(_;_`)['s`(_`)['"adminPage".String],
    's`(_`)['"free".String]],'`(_;_`)['s`(_`)['"alice".String],'s`(_`)['"secretAlice".String]],'`(_;_`)['s`(_`)[
    '"alice-email".String],'s`(_`)['"email1".String]],'`(_;_`)['s`(_`)['"alice-role".String],'s`(_`)[
    '"admin".String]],'`(_;_`)['s`(_`)['"bob".String],'s`(_`)['"secretBob".String]],'`(_;_`)['s`(_`)[
    '"bob-email".String],'s`(_`)['"email2".String]],'`(_;_`)['s`(_`)['"bob-role".String],'s`(_`)[
    '"admin".String]],'`(_;_`)['s`(_`)['"email1".String],'s`(_`)['"text-email-one".String]],'`(_;_`)['s`(_`)[
    '"email2".String],'s`(_`)['"text-email-two".String]]]]],'WebState,rl '`[_`]_`[_`]`[_`]['brs:Browser,
    'ba:BrowserActions,'ms:Message,'S['wapp:Page,'uss:UserSession,'_:_['m['id:Id,'idw:Id,'urls:URL,'idlm:Nat],
    'pms:Message],'rms:ReadyMessage,'db:DB]] => '`[_`]_`[_`]`[_`]['brs:Browser,'ba:BrowserActions,'ms:Message,
    'S['wapp:Page,'uss:UserSession,'pms:Message,'_:_['rms:ReadyMessage,'evalScript['wapp:Page,'us`(_`,_`)[
    'id:Id,'session-empty.Session],'m['id:Id,'idw:Id,'urls:URL,'idlm:Nat],'db:DB]],'block-db.DB]] [label(
    'ScriptEval)] .}
{'`[_`]_`[_`]`[_`]['B['idA.Id,'idw1.Id,''PageNameEmpty.Qid,'url-empty.URL,'session-empty.Session,'_:_['_/_[
    ''idEmail.Qid,'"email2".String],'_/_[''pass.Qid,'"secretAlice".String],'_/_[''user.Qid,'"alice".String]],'m[
    'idA.Id,'idw1.Id,'_?_[''Welcome.Qid,'query-empty.Query],'s_['0.Zero]],'history-empty.History,'s_['0.Zero]],
    'bra-empty.BrowserActions,'mes-empty.Message,'S['_:_['`(_`,_`,`{_`}`,`{_`}`)[''Admin-Logout.Qid,'updateDB[
    's`(_`)['"adminPage".String],'s`(_`)['"free".String]],'`(_=>_`)['TRUE.Condition,''Home.Qid],
    'nav-empty.Navigation],'`(_`,_`,`{_`}`,`{_`}`)[''Administration.Qid,'_;_['_:=_[''adminPage.Qid,'selectDB[
    's`(_`)['"adminPage".String]]],'if_then_else_fi['_=_[''adminPage.Qid,'s`(_`)['"free".String]],'_;_[
    'updateDB['s`(_`)['"adminPage".String],'getSession['s`(_`)['"user".String]]],'setSession['s`(_`)[
    '"adminPage".String],'s`(_`)['"free".String]]],'setSession['s`(_`)['"adminPage".String],'s`(_`)[
    '"busy".String]]]],'`(_=>_`)['_'==_['s`(_`)['"adminPage".String],'s`(_`)['"busy".String]],''Home.Qid],
    '`(_->_`)['TRUE.Condition,'_?_[''Admin-Logout.Qid,'query-empty.Query]]],'`(_`,_`,`{_`}`,`{_`}`)[
    ''Change-account.Qid,'skip.Script,'cont-empty.Continuation,'`(_->_`)['TRUE.Condition,'_?_[''Home.Qid,'_:_[
    '_'=_[''newPass.Qid,'"".String],'_'=_[''newUser.Qid,'"".String]]]]],'`(_`,_`,`{_`}`,`{_`}`)[
    ''Email-list.Qid,'_;_['_:=_[''u.Qid,'getSession['s`(_`)['"user".String]]],'_:=_[''es.Qid,'selectDB['_'._[
    ''u.Qid,'s`(_`)['"-email".String]]]],'setSession['s`(_`)['"idEmails-found".String],''es.Qid]],
    'cont-empty.Continuation,'_:_['`(_->_`)['TRUE.Condition,'_?_[''Home.Qid,'query-empty.Query]],'`(_->_`)[
    'TRUE.Condition,'_?_[''View-email.Qid,'_'=_[''idEmail.Qid,'"".String]]]]],'`(_`,_`,`{_`}`,`{_`}`)[
    ''Home.Qid,'_;_['_:=_[''login.Qid,'getSession['s`(_`)['"login".String]]],'if_then_fi['_=_[''login.Qid,
    'null.Value],'_;_['_:=_[''u.Qid,'getQuery[''user.Qid]],'_:=_[''p.Qid,'getQuery[''pass.Qid]],'_:=_[''p1.Qid,
    'selectDB[''u.Qid]],'if_then_else_fi['_=_[''p.Qid,''p1.Qid],'_;_['_:=_[''r.Qid,'selectDB['_'._[''u.Qid,
    's`(_`)['"-role".String]]]],'setSession['s`(_`)['"user".String],''u.Qid],'setSession['s`(_`)[
    '"role".String],''r.Qid],'setSession['s`(_`)['"login".String],'s`(_`)['"ok".String]]],'setSession['s`(_`)[
    '"login".String],'s`(_`)['"no".String]]]]]],'_:_['`(_=>_`)['_'==_['s`(_`)['"changeLogin".String],'s`(_`)[
    '"no".String]],''Change-account.Qid],'`(_=>_`)['_'==_['s`(_`)['"login".String],'s`(_`)['"no".String]],
    ''Welcome.Qid],'`(_=>_`)['_'==_['s`(_`)['"login".String],'s`(_`)['"ok".String]],''Home.Qid]],'_:_['`(_->_`)[
    'TRUE.Condition,'_?_[''Change-account.Qid,'query-empty.Query]],'`(_->_`)['TRUE.Condition,'_?_[
    ''Email-list.Qid,'query-empty.Query]],'`(_->_`)['TRUE.Condition,'_?_[''Logout.Qid,'query-empty.Query]],
    '`(_->_`)['_'==_['s`(_`)['"role".String],'s`(_`)['"admin".String]],'_?_[''Administration.Qid,
    'query-empty.Query]]]],'`(_`,_`,`{_`}`,`{_`}`)[''Logout.Qid,'clearSession.Script,'`(_=>_`)['TRUE.Condition,
    ''Welcome.Qid],'nav-empty.Navigation],'`(_`,_`,`{_`}`,`{_`}`)[''View-email.Qid,'_;_['_:=_[''u.Qid,
    'getSession['s`(_`)['"user".String]]],'_:=_[''id.Qid,'getQuery[''idEmail.Qid]],'_:=_[''e.Qid,'selectDB[
    ''id.Qid]],'setSession['s`(_`)['"text-email".String],''e.Qid]],'cont-empty.Continuation,'_:_['`(_->_`)[
    'TRUE.Condition,'_?_[''Email-list.Qid,'query-empty.Query]],'`(_->_`)['TRUE.Condition,'_?_[''Home.Qid,
    'query-empty.Query]]]],'`(_`,_`,`{_`}`,`{_`}`)[''Welcome.Qid,'skip.Script,'cont-empty.Continuation,
    '`(_->_`)['TRUE.Condition,'_?_[''Home.Qid,'_:_['_'=_[''pass.Qid,'"".String],'_'=_[''user.Qid,
    '"".String]]]]]],'us`(_`,_`)['idA.Id,'session-empty.Session],'mes-empty.Message,'rm['m['idA.Id,'idw1.Id,
    ''Welcome.Qid,'_?_[''Home.Qid,'_:_['_'=_[''pass.Qid,'"".String],'_'=_[''user.Qid,'"".String]]],
    'session-empty.Session,'s_['0.Zero]],'session-empty.Session,'__['`(_;_`)['s`(_`)['"adminPage".String],
    's`(_`)['"free".String]],'`(_;_`)['s`(_`)['"alice".String],'s`(_`)['"secretAlice".String]],'`(_;_`)['s`(_`)[
    '"alice-email".String],'s`(_`)['"email1".String]],'`(_;_`)['s`(_`)['"alice-role".String],'s`(_`)[
    '"admin".String]],'`(_;_`)['s`(_`)['"bob".String],'s`(_`)['"secretBob".String]],'`(_;_`)['s`(_`)[
    '"bob-email".String],'s`(_`)['"email2".String]],'`(_;_`)['s`(_`)['"bob-role".String],'s`(_`)[
    '"admin".String]],'`(_;_`)['s`(_`)['"email1".String],'s`(_`)['"text-email-one".String]],'`(_;_`)['s`(_`)[
    '"email2".String],'s`(_`)['"text-email-two".String]]]],'block-db.DB]],'WebState,rl '`[_`]_`[_`]`[_`][
    'brs:Browser,'ba:BrowserActions,'ms:Message,'S['wapp:Page,'_:_['uss:UserSession,'us`(_`,_`)['id:Id,
    'ss1:Session]],'pms:Message,'_:_['rm['m['id:Id,'idw:Id,'np:Qid,'urls:URL,'ss2:Session,'idlm:Nat],
    'ss2:Session,'db:DB],'rms:ReadyMessage],'block-db.DB]] => '`[_`]_`[_`]`[_`]['brs:Browser,'ba:BrowserActions,
    '_:_['ms:Message,'m['id:Id,'idw:Id,'np:Qid,'urls:URL,'ss2:Session,'idlm:Nat]],'S['wapp:Page,'_:_[
    'uss:UserSession,'us`(_`,_`)['id:Id,'ss2:Session]],'pms:Message,'rms:ReadyMessage,'db:DB]] [label('ResIni)]
    .}
{'`[_`]_`[_`]`[_`]['B['idA.Id,'idw1.Id,''PageNameEmpty.Qid,'url-empty.URL,'session-empty.Session,'_:_['_/_[
    ''idEmail.Qid,'"email2".String],'_/_[''pass.Qid,'"secretAlice".String],'_/_[''user.Qid,'"alice".String]],'m[
    'idA.Id,'idw1.Id,'_?_[''Welcome.Qid,'query-empty.Query],'s_['0.Zero]],'history-empty.History,'s_['0.Zero]],
    'bra-empty.BrowserActions,'m['idA.Id,'idw1.Id,''Welcome.Qid,'_?_[''Home.Qid,'_:_['_'=_[''pass.Qid,
    '"".String],'_'=_[''user.Qid,'"".String]]],'session-empty.Session,'s_['0.Zero]],'S['_:_[
    '`(_`,_`,`{_`}`,`{_`}`)[''Admin-Logout.Qid,'updateDB['s`(_`)['"adminPage".String],'s`(_`)['"free".String]],
    '`(_=>_`)['TRUE.Condition,''Home.Qid],'nav-empty.Navigation],'`(_`,_`,`{_`}`,`{_`}`)[''Administration.Qid,
    '_;_['_:=_[''adminPage.Qid,'selectDB['s`(_`)['"adminPage".String]]],'if_then_else_fi['_=_[''adminPage.Qid,
    's`(_`)['"free".String]],'_;_['updateDB['s`(_`)['"adminPage".String],'getSession['s`(_`)['"user".String]]],
    'setSession['s`(_`)['"adminPage".String],'s`(_`)['"free".String]]],'setSession['s`(_`)['"adminPage".String],
    's`(_`)['"busy".String]]]],'`(_=>_`)['_'==_['s`(_`)['"adminPage".String],'s`(_`)['"busy".String]],
    ''Home.Qid],'`(_->_`)['TRUE.Condition,'_?_[''Admin-Logout.Qid,'query-empty.Query]]],'`(_`,_`,`{_`}`,`{_`}`)[
    ''Change-account.Qid,'skip.Script,'cont-empty.Continuation,'`(_->_`)['TRUE.Condition,'_?_[''Home.Qid,'_:_[
    '_'=_[''newPass.Qid,'"".String],'_'=_[''newUser.Qid,'"".String]]]]],'`(_`,_`,`{_`}`,`{_`}`)[
    ''Email-list.Qid,'_;_['_:=_[''u.Qid,'getSession['s`(_`)['"user".String]]],'_:=_[''es.Qid,'selectDB['_'._[
    ''u.Qid,'s`(_`)['"-email".String]]]],'setSession['s`(_`)['"idEmails-found".String],''es.Qid]],
    'cont-empty.Continuation,'_:_['`(_->_`)['TRUE.Condition,'_?_[''Home.Qid,'query-empty.Query]],'`(_->_`)[
    'TRUE.Condition,'_?_[''View-email.Qid,'_'=_[''idEmail.Qid,'"".String]]]]],'`(_`,_`,`{_`}`,`{_`}`)[
    ''Home.Qid,'_;_['_:=_[''login.Qid,'getSession['s`(_`)['"login".String]]],'if_then_fi['_=_[''login.Qid,
    'null.Value],'_;_['_:=_[''u.Qid,'getQuery[''user.Qid]],'_:=_[''p.Qid,'getQuery[''pass.Qid]],'_:=_[''p1.Qid,
    'selectDB[''u.Qid]],'if_then_else_fi['_=_[''p.Qid,''p1.Qid],'_;_['_:=_[''r.Qid,'selectDB['_'._[''u.Qid,
    's`(_`)['"-role".String]]]],'setSession['s`(_`)['"user".String],''u.Qid],'setSession['s`(_`)[
    '"role".String],''r.Qid],'setSession['s`(_`)['"login".String],'s`(_`)['"ok".String]]],'setSession['s`(_`)[
    '"login".String],'s`(_`)['"no".String]]]]]],'_:_['`(_=>_`)['_'==_['s`(_`)['"changeLogin".String],'s`(_`)[
    '"no".String]],''Change-account.Qid],'`(_=>_`)['_'==_['s`(_`)['"login".String],'s`(_`)['"no".String]],
    ''Welcome.Qid],'`(_=>_`)['_'==_['s`(_`)['"login".String],'s`(_`)['"ok".String]],''Home.Qid]],'_:_['`(_->_`)[
    'TRUE.Condition,'_?_[''Change-account.Qid,'query-empty.Query]],'`(_->_`)['TRUE.Condition,'_?_[
    ''Email-list.Qid,'query-empty.Query]],'`(_->_`)['TRUE.Condition,'_?_[''Logout.Qid,'query-empty.Query]],
    '`(_->_`)['_'==_['s`(_`)['"role".String],'s`(_`)['"admin".String]],'_?_[''Administration.Qid,
    'query-empty.Query]]]],'`(_`,_`,`{_`}`,`{_`}`)[''Logout.Qid,'clearSession.Script,'`(_=>_`)['TRUE.Condition,
    ''Welcome.Qid],'nav-empty.Navigation],'`(_`,_`,`{_`}`,`{_`}`)[''View-email.Qid,'_;_['_:=_[''u.Qid,
    'getSession['s`(_`)['"user".String]]],'_:=_[''id.Qid,'getQuery[''idEmail.Qid]],'_:=_[''e.Qid,'selectDB[
    ''id.Qid]],'setSession['s`(_`)['"text-email".String],''e.Qid]],'cont-empty.Continuation,'_:_['`(_->_`)[
    'TRUE.Condition,'_?_[''Email-list.Qid,'query-empty.Query]],'`(_->_`)['TRUE.Condition,'_?_[''Home.Qid,
    'query-empty.Query]]]],'`(_`,_`,`{_`}`,`{_`}`)[''Welcome.Qid,'skip.Script,'cont-empty.Continuation,
    '`(_->_`)['TRUE.Condition,'_?_[''Home.Qid,'_:_['_'=_[''pass.Qid,'"".String],'_'=_[''user.Qid,
    '"".String]]]]]],'us`(_`,_`)['idA.Id,'session-empty.Session],'mes-empty.Message,
    'readymes-empty.ReadyMessage,'__['`(_;_`)['s`(_`)['"adminPage".String],'s`(_`)['"free".String]],'`(_;_`)[
    's`(_`)['"alice".String],'s`(_`)['"secretAlice".String]],'`(_;_`)['s`(_`)['"alice-email".String],'s`(_`)[
    '"email1".String]],'`(_;_`)['s`(_`)['"alice-role".String],'s`(_`)['"admin".String]],'`(_;_`)['s`(_`)[
    '"bob".String],'s`(_`)['"secretBob".String]],'`(_;_`)['s`(_`)['"bob-email".String],'s`(_`)[
    '"email2".String]],'`(_;_`)['s`(_`)['"bob-role".String],'s`(_`)['"admin".String]],'`(_;_`)['s`(_`)[
    '"email1".String],'s`(_`)['"text-email-one".String]],'`(_;_`)['s`(_`)['"email2".String],'s`(_`)[
    '"text-email-two".String]]]]],'WebState,rl '`[_`]_`[_`]`[_`]['_:_['brs:Browser,'B['id:Id,'idw:Id,'np1:Qid,
    'urls1:URL,'ss:Session,'z:Sigma,'lms:Message,'h:History,'idlm1:Nat]],'ba:BrowserActions,'_:_['m['id:Id,
    'idw:Id,'np2:Qid,'urls2:URL,'ss2:Session,'idlm1:Nat],'ms:Message],'sv:Server] => '`[_`]_`[_`]`[_`]['_:_[
    'brs:Browser,'B['id:Id,'idw:Id,'np2:Qid,'urls2:URL,'ss2:Session,'z:Sigma,'lms:Message,'h:History,
    'idlm1:Nat]],'ba:BrowserActions,'ms:Message,'sv:Server] [label('ResFin)] .}
